<?xml version="1.0" encoding="UTF-8"?>
<!-- Generated by org.testng.reporters.JUnitXMLReporter -->
<testsuite ignored="0" hostname="MacBook-Pro-Astaroth.local" failures="1" tests="2" name="Test" time="34.076" errors="0" timestamp="04 Sep 2021 08:55:34 GMT">
  <testcase classname="qaautomation.august2021.AppTest" name="test1" time="12.249"/>
  <testcase classname="qaautomation.august2021.AppTest" name="test" time="13.74">
    <failure type="java.lang.AssertionError" message="expected:&amp;lt;fullstackdemofailed&amp;gt; but was:&amp;lt;fullstackdemo&amp;gt;">
      <![CDATA[java.lang.AssertionError: expected:<fullstackdemofailed> but was:<fullstackdemo>
at qaautomation.august2021.AppTest.test(AppTest.java:63)
at java.base/java.util.concurrent.ThreadPoolExecutor.runWorker(ThreadPoolExecutor.java:1130)
at java.base/java.util.concurrent.ThreadPoolExecutor$Worker.run(ThreadPoolExecutor.java:630)
at java.base/java.lang.Thread.run(Thread.java:831)
... Removed 12 stack frames]]>
    </failure>
  </testcase> <!-- test -->
</testsuite> <!-- Test -->
