<?xml version="1.0" encoding="UTF-8"?>
<!-- Generated by org.testng.reporters.JUnitXMLReporter -->
<testsuite ignored="0" hostname="MacBook-Pro-Astaroth.local" failures="0" tests="7" name="Test" time="13.284" errors="0" timestamp="18 Sep 2021 06:40:04 GMT">
  <testcase classname="qaautomation.august2021.APITest" name="configAPI" time="2.058"/>
  <testcase classname="qaautomation.august2021.APITest" name="dashboardAPIWithSchema" time="2.81"/>
  <testcase classname="qaautomation.august2021.APITest" name="fakerEmail" time="0.211"/>
  <testcase classname="qaautomation.august2021.APITest" name="incorrectLoginAPI" time="1.925"/>
  <testcase classname="qaautomation.august2021.BaseAPITest" name="testLoginAPI" time="2.148"/>
  <testcase classname="qaautomation.august2021.APITest" name="userAPI" time="2.018"/>
  <testcase classname="qaautomation.august2021.APITest" name="dashboardAPI" time="2.082"/>
</testsuite> <!-- Test -->
