<?xml version="1.0" encoding="UTF-8"?>
<testsuite xmlns:xsi="http://www.w3.org/2001/XMLSchema-instance" xsi:schemaLocation="https://maven.apache.org/surefire/maven-surefire-plugin/xsd/surefire-test-report.xsd" name="TestSuite" time="22.817" tests="7" errors="0" skipped="0" failures="0">
  <properties>
[...]
</properties>
  <testcase name="configAPI" classname="qaautomation.august2021.APITest" time="2.065"/>
  <testcase name="dashboardAPIWithSchema" classname="qaautomation.august2021.APITest" time="2.803"/>
  <testcase name="fakerEmail" classname="qaautomation.august2021.APITest" time="0.211"/>
  <testcase name="incorrectLoginAPI" classname="qaautomation.august2021.APITest" time="1.925"/>
  <testcase name="testLoginAPI" classname="qaautomation.august2021.APITest" time="2.149"/>
  <testcase name="userAPI" classname="qaautomation.august2021.APITest" time="2.029"/>
  <testcase name="dashboardAPI" classname="qaautomation.august2021.APITest" time="2.077"/>
</testsuite>